<?xml version="1.0" encoding="UTF-8"?>
<coverage generated="1778226421688" clover="3.2.0">
  <project timestamp="1778226421688" name="All files">
    <metrics statements="120" coveredstatements="118" conditionals="90" coveredconditionals="79" methods="18" coveredmethods="18" elements="228" coveredelements="215" complexity="0" loc="120" ncloc="120" packages="2" files="8" classes="8"/>
    <package name="core">
      <metrics statements="102" coveredstatements="100" conditionals="84" coveredconditionals="73" methods="12" coveredmethods="12"/>
      <file name="ability.ts" path="/Users/cuongpm/Documents/GitHub/antv-x6/x6/security/authorization/core/ability.ts">
        <metrics statements="58" coveredstatements="57" conditionals="51" coveredconditionals="47" methods="5" coveredmethods="5"/>
        <line num="30" count="5285" type="stmt"/>
        <line num="37" count="1510" type="stmt"/>
        <line num="52" count="767" type="cond" truecount="2" falsecount="0"/>
        <line num="57" count="1" type="stmt"/>
        <line num="63" count="766" type="stmt"/>
        <line num="66" count="766" type="stmt"/>
        <line num="67" count="766" type="cond" truecount="5" falsecount="0"/>
        <line num="68" count="3" type="stmt"/>
        <line num="75" count="763" type="stmt"/>
        <line num="76" count="763" type="cond" truecount="2" falsecount="0"/>
        <line num="77" count="2" type="stmt"/>
        <line num="94" count="761" type="cond" truecount="5" falsecount="0"/>
        <line num="95" count="1" type="stmt"/>
        <line num="98" count="760" type="stmt"/>
        <line num="100" count="760" type="stmt"/>
        <line num="101" count="5290" type="cond" truecount="2" falsecount="0"/>
        <line num="102" count="1" type="stmt"/>
        <line num="108" count="5289" type="stmt"/>
        <line num="109" count="5289" type="cond" truecount="5" falsecount="0"/>
        <line num="110" count="1" type="stmt"/>
        <line num="116" count="5288" type="stmt"/>
        <line num="118" count="5288" type="cond" truecount="2" falsecount="0"/>
        <line num="120" count="3777" type="stmt"/>
        <line num="121" count="3777" type="cond" truecount="2" falsecount="0"/>
        <line num="126" count="1" type="stmt"/>
        <line num="131" count="3776" type="stmt"/>
        <line num="132" count="11326" type="stmt"/>
        <line num="133" count="11326" type="cond" truecount="2" falsecount="0"/>
        <line num="134" count="1" type="stmt"/>
        <line num="140" count="1511" type="cond" truecount="2" falsecount="0"/>
        <line num="142" count="1510" type="stmt"/>
        <line num="143" count="4530" type="cond" truecount="1" falsecount="1"/>
        <line num="144" count="0" type="stmt"/>
        <line num="151" count="1" type="stmt"/>
        <line num="187" count="767" type="stmt"/>
        <line num="188" count="767" type="stmt"/>
        <line num="190" count="767" type="stmt"/>
        <line num="193" count="767" type="stmt"/>
        <line num="195" count="767" type="stmt"/>
        <line num="196" count="5285" type="stmt"/>
        <line num="198" count="5285" type="cond" truecount="2" falsecount="0"/>
        <line num="200" count="3775" type="stmt"/>
        <line num="201" count="3775" type="cond" truecount="2" falsecount="0"/>
        <line num="202" count="3249" type="stmt"/>
        <line num="204" count="1510" type="cond" truecount="1" falsecount="1"/>
        <line num="208" count="1510" type="stmt"/>
        <line num="209" count="1510" type="cond" truecount="1" falsecount="1"/>
        <line num="210" count="1510" type="stmt"/>
        <line num="217" count="1510" type="stmt"/>
        <line num="218" count="1510" type="cond" truecount="2" falsecount="0"/>
        <line num="219" count="506" type="stmt"/>
        <line num="226" count="1510" type="stmt"/>
        <line num="227" count="1510" type="cond" truecount="2" falsecount="0"/>
        <line num="228" count="984" type="stmt"/>
        <line num="235" count="1510" type="stmt"/>
        <line num="236" count="1510" type="cond" truecount="1" falsecount="1"/>
        <line num="237" count="1510" type="stmt"/>
        <line num="246" count="755" type="stmt"/>
      </file>
      <file name="errors.ts" path="/Users/cuongpm/Documents/GitHub/antv-x6/x6/security/authorization/core/errors.ts">
        <metrics statements="12" coveredstatements="12" conditionals="0" coveredconditionals="0" methods="3" coveredmethods="3"/>
        <line num="5" count="2" type="stmt"/>
        <line num="6" count="2" type="stmt"/>
        <line num="7" count="2" type="stmt"/>
        <line num="8" count="2" type="stmt"/>
        <line num="10" count="2" type="stmt"/>
        <line num="11" count="2" type="stmt"/>
        <line num="18" count="8" type="stmt"/>
        <line num="20" count="8" type="stmt"/>
        <line num="21" count="8" type="stmt"/>
        <line num="28" count="8" type="stmt"/>
        <line num="30" count="8" type="stmt"/>
        <line num="31" count="8" type="stmt"/>
      </file>
      <file name="index.ts" path="/Users/cuongpm/Documents/GitHub/antv-x6/x6/security/authorization/core/index.ts">
        <metrics statements="0" coveredstatements="0" conditionals="0" coveredconditionals="0" methods="0" coveredmethods="0"/>
      </file>
      <file name="legacy-engine.ts" path="/Users/cuongpm/Documents/GitHub/antv-x6/x6/security/authorization/core/legacy-engine.ts">
        <metrics statements="30" coveredstatements="30" conditionals="33" coveredconditionals="26" methods="4" coveredmethods="4"/>
        <line num="20" count="700" type="stmt"/>
        <line num="22" count="700" type="cond" truecount="1" falsecount="1"/>
        <line num="23" count="4900" type="stmt"/>
        <line num="24" count="4900" type="stmt"/>
        <line num="26" count="4900" type="cond" truecount="2" falsecount="0"/>
        <line num="28" count="4900" type="cond" truecount="2" falsecount="0"/>
        <line num="29" count="3500" type="stmt"/>
        <line num="30" count="3500" type="cond" truecount="1" falsecount="1"/>
        <line num="34" count="4900" type="stmt"/>
        <line num="35" count="9800" type="cond" truecount="2" falsecount="0"/>
        <line num="36" count="2800" type="stmt"/>
        <line num="40" count="2800" type="stmt"/>
        <line num="46" count="4900" type="stmt"/>
        <line num="49" count="700" type="stmt"/>
        <line num="57" count="359" type="stmt"/>
        <line num="58" count="359" type="cond" truecount="1" falsecount="1"/>
        <line num="59" count="359" type="stmt"/>
        <line num="77" count="700" type="stmt"/>
        <line num="79" count="700" type="stmt"/>
        <line num="84" count="700" type="stmt"/>
        <line num="85" count="700" type="cond" truecount="1" falsecount="1"/>
        <line num="88" count="700" type="cond" truecount="2" falsecount="0"/>
        <line num="91" count="459" type="stmt"/>
        <line num="94" count="459" type="cond" truecount="4" falsecount="0"/>
        <line num="96" count="359" type="stmt"/>
        <line num="97" count="359" type="stmt"/>
        <line num="98" count="700" type="cond" truecount="3" falsecount="1"/>
        <line num="100" count="359" type="cond" truecount="2" falsecount="0"/>
        <line num="101" count="700" type="stmt"/>
        <line num="102" count="700" type="cond" truecount="2" falsecount="0"/>
      </file>
      <file name="policy.sample.ts" path="/Users/cuongpm/Documents/GitHub/antv-x6/x6/security/authorization/core/policy.sample.ts">
        <metrics statements="1" coveredstatements="0" conditionals="0" coveredconditionals="0" methods="0" coveredmethods="0"/>
        <line num="7" count="0" type="stmt"/>
      </file>
      <file name="policy.ts" path="/Users/cuongpm/Documents/GitHub/antv-x6/x6/security/authorization/core/policy.ts">
        <metrics statements="1" coveredstatements="1" conditionals="0" coveredconditionals="0" methods="0" coveredmethods="0"/>
        <line num="27" count="3" type="stmt"/>
      </file>
    </package>
    <package name="stores">
      <metrics statements="18" coveredstatements="18" conditionals="6" coveredconditionals="6" methods="6" coveredmethods="6"/>
      <file name="authorizationStore.ts" path="/Users/cuongpm/Documents/GitHub/antv-x6/x6/security/authorization/stores/authorizationStore.ts">
        <metrics statements="18" coveredstatements="18" conditionals="6" coveredconditionals="6" methods="6" coveredmethods="6"/>
        <line num="26" count="1" type="stmt"/>
        <line num="28" count="1" type="stmt"/>
        <line num="32" count="17" type="stmt"/>
        <line num="38" count="17" type="stmt"/>
        <line num="41" count="17" type="stmt"/>
        <line num="51" count="14" type="stmt"/>
        <line num="52" count="14" type="stmt"/>
        <line num="60" count="16" type="cond" truecount="2" falsecount="0"/>
        <line num="61" count="16" type="stmt"/>
        <line num="69" count="2" type="stmt"/>
        <line num="70" count="2" type="stmt"/>
        <line num="88" count="20" type="cond" truecount="2" falsecount="0"/>
        <line num="92" count="2" type="stmt"/>
        <line num="94" count="18" type="stmt"/>
        <line num="110" count="7" type="cond" truecount="2" falsecount="0"/>
        <line num="111" count="5" type="stmt"/>
        <line num="113" count="2" type="stmt"/>
        <line num="116" count="17" type="stmt"/>
      </file>
      <file name="index.ts" path="/Users/cuongpm/Documents/GitHub/antv-x6/x6/security/authorization/stores/index.ts">
        <metrics statements="0" coveredstatements="0" conditionals="0" coveredconditionals="0" methods="0" coveredmethods="0"/>
      </file>
    </package>
  </project>
</coverage>
