{"/Users/cuongpm/Documents/GitHub/antv-x6/x6/security/authorization/core/ability.ts": {"path":"/Users/cuongpm/Documents/GitHub/antv-x6/x6/security/authorization/core/ability.ts","statementMap":{"0":{"start":{"line":30,"column":2},"end":{"line":30,"column":null}},"1":{"start":{"line":37,"column":2},"end":{"line":37,"column":null}},"2":{"start":{"line":52,"column":2},"end":{"line":61,"column":null}},"3":{"start":{"line":57,"column":4},"end":{"line":60,"column":null}},"4":{"start":{"line":63,"column":14},"end":{"line":63,"column":null}},"5":{"start":{"line":66,"column":13},"end":{"line":66,"column":null}},"6":{"start":{"line":67,"column":2},"end":{"line":72,"column":null}},"7":{"start":{"line":68,"column":4},"end":{"line":71,"column":null}},"8":{"start":{"line":75,"column":15},"end":{"line":75,"column":null}},"9":{"start":{"line":76,"column":2},"end":{"line":81,"column":null}},"10":{"start":{"line":77,"column":4},"end":{"line":80,"column":null}},"11":{"start":{"line":94,"column":2},"end":{"line":96,"column":null}},"12":{"start":{"line":95,"column":4},"end":{"line":95,"column":null}},"13":{"start":{"line":98,"column":20},"end":{"line":98,"column":null}},"14":{"start":{"line":100,"column":2},"end":{"line":156,"column":null}},"15":{"start":{"line":101,"column":4},"end":{"line":106,"column":null}},"16":{"start":{"line":102,"column":6},"end":{"line":105,"column":null}},"17":{"start":{"line":108,"column":16},"end":{"line":108,"column":null}},"18":{"start":{"line":109,"column":4},"end":{"line":114,"column":null}},"19":{"start":{"line":110,"column":6},"end":{"line":113,"column":null}},"20":{"start":{"line":116,"column":19},"end":{"line":116,"column":null}},"21":{"start":{"line":118,"column":4},"end":{"line":155,"column":null}},"22":{"start":{"line":120,"column":21},"end":{"line":120,"column":null}},"23":{"start":{"line":121,"column":6},"end":{"line":130,"column":null}},"24":{"start":{"line":126,"column":8},"end":{"line":129,"column":null}},"25":{"start":{"line":131,"column":6},"end":{"line":139,"column":null}},"26":{"start":{"line":132,"column":25},"end":{"line":132,"column":null}},"27":{"start":{"line":133,"column":8},"end":{"line":138,"column":null}},"28":{"start":{"line":134,"column":10},"end":{"line":137,"column":null}},"29":{"start":{"line":140,"column":4},"end":{"line":155,"column":null}},"30":{"start":{"line":142,"column":6},"end":{"line":149,"column":null}},"31":{"start":{"line":143,"column":8},"end":{"line":148,"column":null}},"32":{"start":{"line":144,"column":10},"end":{"line":147,"column":null}},"33":{"start":{"line":151,"column":6},"end":{"line":154,"column":null}},"34":{"start":{"line":187,"column":2},"end":{"line":187,"column":null}},"35":{"start":{"line":188,"column":2},"end":{"line":188,"column":null}},"36":{"start":{"line":190,"column":31},"end":{"line":190,"column":null}},"37":{"start":{"line":193,"column":25},"end":{"line":193,"column":null}},"38":{"start":{"line":195,"column":2},"end":{"line":243,"column":null}},"39":{"start":{"line":196,"column":16},"end":{"line":196,"column":null}},"40":{"start":{"line":198,"column":4},"end":{"line":242,"column":null}},"41":{"start":{"line":200,"column":22},"end":{"line":200,"column":null}},"42":{"start":{"line":201,"column":6},"end":{"line":203,"column":null}},"43":{"start":{"line":202,"column":8},"end":{"line":202,"column":null}},"44":{"start":{"line":204,"column":4},"end":{"line":242,"column":null}},"45":{"start":{"line":208,"column":34},"end":{"line":208,"column":null}},"46":{"start":{"line":209,"column":6},"end":{"line":214,"column":null}},"47":{"start":{"line":210,"column":8},"end":{"line":213,"column":null}},"48":{"start":{"line":217,"column":34},"end":{"line":217,"column":null}},"49":{"start":{"line":218,"column":6},"end":{"line":223,"column":null}},"50":{"start":{"line":219,"column":8},"end":{"line":222,"column":null}},"51":{"start":{"line":226,"column":33},"end":{"line":226,"column":null}},"52":{"start":{"line":227,"column":6},"end":{"line":232,"column":null}},"53":{"start":{"line":228,"column":8},"end":{"line":231,"column":null}},"54":{"start":{"line":235,"column":33},"end":{"line":235,"column":null}},"55":{"start":{"line":236,"column":6},"end":{"line":241,"column":null}},"56":{"start":{"line":237,"column":8},"end":{"line":240,"column":null}},"57":{"start":{"line":246,"column":2},"end":{"line":246,"column":null}}},"fnMap":{"0":{"name":"isAnyResourceDef","decl":{"start":{"line":27,"column":9},"end":{"line":27,"column":null}},"loc":{"start":{"line":29,"column":68},"end":{"line":31,"column":null}},"line":29},"1":{"name":"isScopedResourceDef","decl":{"start":{"line":34,"column":9},"end":{"line":34,"column":null}},"loc":{"start":{"line":36,"column":73},"end":{"line":38,"column":null}},"line":36},"2":{"name":"validateUserContext","decl":{"start":{"line":49,"column":9},"end":{"line":49,"column":null}},"loc":{"start":{"line":51,"column":38},"end":{"line":82,"column":null}},"line":51},"3":{"name":"validatePolicy","decl":{"start":{"line":93,"column":9},"end":{"line":93,"column":24}},"loc":{"start":{"line":93,"column":77},"end":{"line":157,"column":null}},"line":93},"4":{"name":"buildAbility","decl":{"start":{"line":182,"column":16},"end":{"line":182,"column":null}},"loc":{"start":{"line":185,"column":14},"end":{"line":247,"column":null}},"line":185}},"branchMap":{"0":{"loc":{"start":{"line":52,"column":2},"end":{"line":61,"column":null}},"type":"if","locations":[{"start":{"line":52,"column":2},"end":{"line":61,"column":null}},{"start":{},"end":{}}],"line":52},"1":{"loc":{"start":{"line":53,"column":4},"end":{"line":55,"column":null}},"type":"binary-expr","locations":[{"start":{"line":53,"column":4},"end":{"line":53,"column":null}},{"start":{"line":54,"column":4},"end":{"line":54,"column":null}},{"start":{"line":55,"column":4},"end":{"line":55,"column":null}}],"line":53},"2":{"loc":{"start":{"line":67,"column":2},"end":{"line":72,"column":null}},"type":"if","locations":[{"start":{"line":67,"column":2},"end":{"line":72,"column":null}},{"start":{},"end":{}}],"line":67},"3":{"loc":{"start":{"line":67,"column":6},"end":{"line":67,"column":52}},"type":"binary-expr","locations":[{"start":{"line":67,"column":6},"end":{"line":67,"column":21}},{"start":{"line":67,"column":21},"end":{"line":67,"column":41}},{"start":{"line":67,"column":41},"end":{"line":67,"column":52}}],"line":67},"4":{"loc":{"start":{"line":76,"column":2},"end":{"line":81,"column":null}},"type":"if","locations":[{"start":{"line":76,"column":2},"end":{"line":81,"column":null}},{"start":{},"end":{}}],"line":76},"5":{"loc":{"start":{"line":94,"column":2},"end":{"line":96,"column":null}},"type":"if","locations":[{"start":{"line":94,"column":2},"end":{"line":96,"column":null}},{"start":{},"end":{}}],"line":94},"6":{"loc":{"start":{"line":94,"column":6},"end":{"line":94,"column":77}},"type":"binary-expr","locations":[{"start":{"line":94,"column":6},"end":{"line":94,"column":25}},{"start":{"line":94,"column":25},"end":{"line":94,"column":49}},{"start":{"line":94,"column":49},"end":{"line":94,"column":77}}],"line":94},"7":{"loc":{"start":{"line":101,"column":4},"end":{"line":106,"column":null}},"type":"if","locations":[{"start":{"line":101,"column":4},"end":{"line":106,"column":null}},{"start":{},"end":{}}],"line":101},"8":{"loc":{"start":{"line":109,"column":4},"end":{"line":114,"column":null}},"type":"if","locations":[{"start":{"line":109,"column":4},"end":{"line":114,"column":null}},{"start":{},"end":{}}],"line":109},"9":{"loc":{"start":{"line":109,"column":8},"end":{"line":109,"column":70}},"type":"binary-expr","locations":[{"start":{"line":109,"column":8},"end":{"line":109,"column":24}},{"start":{"line":109,"column":24},"end":{"line":109,"column":45}},{"start":{"line":109,"column":45},"end":{"line":109,"column":70}}],"line":109},"10":{"loc":{"start":{"line":118,"column":4},"end":{"line":155,"column":null}},"type":"if","locations":[{"start":{"line":118,"column":4},"end":{"line":155,"column":null}},{"start":{"line":140,"column":4},"end":{"line":155,"column":null}}],"line":118},"11":{"loc":{"start":{"line":121,"column":6},"end":{"line":130,"column":null}},"type":"if","locations":[{"start":{"line":121,"column":6},"end":{"line":130,"column":null}},{"start":{},"end":{}}],"line":121},"12":{"loc":{"start":{"line":122,"column":8},"end":{"line":124,"column":null}},"type":"binary-expr","locations":[{"start":{"line":122,"column":8},"end":{"line":122,"column":null}},{"start":{"line":123,"column":8},"end":{"line":123,"column":null}},{"start":{"line":124,"column":8},"end":{"line":124,"column":null}}],"line":122},"13":{"loc":{"start":{"line":133,"column":8},"end":{"line":138,"column":null}},"type":"if","locations":[{"start":{"line":133,"column":8},"end":{"line":138,"column":null}},{"start":{},"end":{}}],"line":133},"14":{"loc":{"start":{"line":140,"column":4},"end":{"line":155,"column":null}},"type":"if","locations":[{"start":{"line":140,"column":4},"end":{"line":155,"column":null}},{"start":{"line":150,"column":11},"end":{"line":155,"column":null}}],"line":140},"15":{"loc":{"start":{"line":143,"column":8},"end":{"line":148,"column":null}},"type":"if","locations":[{"start":{"line":143,"column":8},"end":{"line":148,"column":null}},{"start":{},"end":{}}],"line":143},"16":{"loc":{"start":{"line":198,"column":4},"end":{"line":242,"column":null}},"type":"if","locations":[{"start":{"line":198,"column":4},"end":{"line":242,"column":null}},{"start":{"line":204,"column":4},"end":{"line":242,"column":null}}],"line":198},"17":{"loc":{"start":{"line":201,"column":6},"end":{"line":203,"column":null}},"type":"if","locations":[{"start":{"line":201,"column":6},"end":{"line":203,"column":null}},{"start":{},"end":{}}],"line":201},"18":{"loc":{"start":{"line":204,"column":4},"end":{"line":242,"column":null}},"type":"if","locations":[{"start":{"line":204,"column":4},"end":{"line":242,"column":null}},{"start":{},"end":{}}],"line":204},"19":{"loc":{"start":{"line":209,"column":6},"end":{"line":214,"column":null}},"type":"if","locations":[{"start":{"line":209,"column":6},"end":{"line":214,"column":null}},{"start":{},"end":{}}],"line":209},"20":{"loc":{"start":{"line":218,"column":6},"end":{"line":223,"column":null}},"type":"if","locations":[{"start":{"line":218,"column":6},"end":{"line":223,"column":null}},{"start":{},"end":{}}],"line":218},"21":{"loc":{"start":{"line":227,"column":6},"end":{"line":232,"column":null}},"type":"if","locations":[{"start":{"line":227,"column":6},"end":{"line":232,"column":null}},{"start":{},"end":{}}],"line":227},"22":{"loc":{"start":{"line":236,"column":6},"end":{"line":241,"column":null}},"type":"if","locations":[{"start":{"line":236,"column":6},"end":{"line":241,"column":null}},{"start":{},"end":{}}],"line":236}},"s":{"0":5285,"1":1510,"2":767,"3":1,"4":766,"5":766,"6":766,"7":3,"8":763,"9":763,"10":2,"11":761,"12":1,"13":760,"14":760,"15":5290,"16":1,"17":5289,"18":5289,"19":1,"20":5288,"21":5288,"22":3777,"23":3777,"24":1,"25":3776,"26":11326,"27":11326,"28":1,"29":1511,"30":1510,"31":4530,"32":0,"33":1,"34":767,"35":767,"36":767,"37":767,"38":767,"39":5285,"40":5285,"41":3775,"42":3775,"43":3249,"44":1510,"45":1510,"46":1510,"47":1510,"48":1510,"49":1510,"50":506,"51":1510,"52":1510,"53":984,"54":1510,"55":1510,"56":1510,"57":755},"f":{"0":5285,"1":1510,"2":767,"3":761,"4":767},"b":{"0":[1,766],"1":[767,766,766],"2":[3,763],"3":[766,765,764],"4":[2,761],"5":[1,760],"6":[761,760,760],"7":[1,5289],"8":[1,5288],"9":[5289,5289,5289],"10":[3777,1511],"11":[1,3776],"12":[3777,3776,3776],"13":[1,11325],"14":[1510,1],"15":[0,4530],"16":[3775,1510],"17":[3249,526],"18":[1510,0],"19":[1510,0],"20":[506,1004],"21":[984,526],"22":[1510,0]},"meta":{"lastBranch":23,"lastFunction":5,"lastStatement":58,"seen":{"f:27:9:27:Infinity":0,"s:30:2:30:Infinity":0,"f:34:9:34:Infinity":1,"s:37:2:37:Infinity":1,"f:49:9:49:Infinity":2,"b:52:2:61:Infinity:undefined:undefined:undefined:undefined":0,"s:52:2:61:Infinity":2,"b:53:4:53:Infinity:54:4:54:Infinity:55:4:55:Infinity":1,"s:57:4:60:Infinity":3,"s:63:14:63:Infinity":4,"s:66:13:66:Infinity":5,"b:67:2:72:Infinity:undefined:undefined:undefined:undefined":2,"s:67:2:72:Infinity":6,"b:67:6:67:21:67:21:67:41:67:41:67:52":3,"s:68:4:71:Infinity":7,"s:75:15:75:Infinity":8,"b:76:2:81:Infinity:undefined:undefined:undefined:undefined":4,"s:76:2:81:Infinity":9,"s:77:4:80:Infinity":10,"f:93:9:93:24":3,"b:94:2:96:Infinity:undefined:undefined:undefined:undefined":5,"s:94:2:96:Infinity":11,"b:94:6:94:25:94:25:94:49:94:49:94:77":6,"s:95:4:95:Infinity":12,"s:98:20:98:Infinity":13,"s:100:2:156:Infinity":14,"b:101:4:106:Infinity:undefined:undefined:undefined:undefined":7,"s:101:4:106:Infinity":15,"s:102:6:105:Infinity":16,"s:108:16:108:Infinity":17,"b:109:4:114:Infinity:undefined:undefined:undefined:undefined":8,"s:109:4:114:Infinity":18,"b:109:8:109:24:109:24:109:45:109:45:109:70":9,"s:110:6:113:Infinity":19,"s:116:19:116:Infinity":20,"b:118:4:155:Infinity:140:4:155:Infinity":10,"s:118:4:155:Infinity":21,"s:120:21:120:Infinity":22,"b:121:6:130:Infinity:undefined:undefined:undefined:undefined":11,"s:121:6:130:Infinity":23,"b:122:8:122:Infinity:123:8:123:Infinity:124:8:124:Infinity":12,"s:126:8:129:Infinity":24,"s:131:6:139:Infinity":25,"s:132:25:132:Infinity":26,"b:133:8:138:Infinity:undefined:undefined:undefined:undefined":13,"s:133:8:138:Infinity":27,"s:134:10:137:Infinity":28,"b:140:4:155:Infinity:150:11:155:Infinity":14,"s:140:4:155:Infinity":29,"s:142:6:149:Infinity":30,"b:143:8:148:Infinity:undefined:undefined:undefined:undefined":15,"s:143:8:148:Infinity":31,"s:144:10:147:Infinity":32,"s:151:6:154:Infinity":33,"f:182:16:182:Infinity":4,"s:187:2:187:Infinity":34,"s:188:2:188:Infinity":35,"s:190:31:190:Infinity":36,"s:193:25:193:Infinity":37,"s:195:2:243:Infinity":38,"s:196:16:196:Infinity":39,"b:198:4:242:Infinity:204:4:242:Infinity":16,"s:198:4:242:Infinity":40,"s:200:22:200:Infinity":41,"b:201:6:203:Infinity:undefined:undefined:undefined:undefined":17,"s:201:6:203:Infinity":42,"s:202:8:202:Infinity":43,"b:204:4:242:Infinity:undefined:undefined:undefined:undefined":18,"s:204:4:242:Infinity":44,"s:208:34:208:Infinity":45,"b:209:6:214:Infinity:undefined:undefined:undefined:undefined":19,"s:209:6:214:Infinity":46,"s:210:8:213:Infinity":47,"s:217:34:217:Infinity":48,"b:218:6:223:Infinity:undefined:undefined:undefined:undefined":20,"s:218:6:223:Infinity":49,"s:219:8:222:Infinity":50,"s:226:33:226:Infinity":51,"b:227:6:232:Infinity:undefined:undefined:undefined:undefined":21,"s:227:6:232:Infinity":52,"s:228:8:231:Infinity":53,"s:235:33:235:Infinity":54,"b:236:6:241:Infinity:undefined:undefined:undefined:undefined":22,"s:236:6:241:Infinity":55,"s:237:8:240:Infinity":56,"s:246:2:246:Infinity":57}}}
,"/Users/cuongpm/Documents/GitHub/antv-x6/x6/security/authorization/core/errors.ts": {"path":"/Users/cuongpm/Documents/GitHub/antv-x6/x6/security/authorization/core/errors.ts","statementMap":{"0":{"start":{"line":10,"column":4},"end":{"line":10,"column":null}},"1":{"start":{"line":5,"column":20},"end":{"line":5,"column":null}},"2":{"start":{"line":6,"column":20},"end":{"line":6,"column":null}},"3":{"start":{"line":7,"column":20},"end":{"line":7,"column":null}},"4":{"start":{"line":8,"column":20},"end":{"line":8,"column":null}},"5":{"start":{"line":11,"column":4},"end":{"line":11,"column":null}},"6":{"start":{"line":20,"column":4},"end":{"line":20,"column":null}},"7":{"start":{"line":18,"column":20},"end":{"line":18,"column":null}},"8":{"start":{"line":21,"column":4},"end":{"line":21,"column":null}},"9":{"start":{"line":30,"column":4},"end":{"line":30,"column":null}},"10":{"start":{"line":28,"column":20},"end":{"line":28,"column":null}},"11":{"start":{"line":31,"column":4},"end":{"line":31,"column":null}}},"fnMap":{"0":{"name":"(anonymous_0)","decl":{"start":{"line":4,"column":2},"end":{"line":4,"column":null}},"loc":{"start":{"line":9,"column":4},"end":{"line":12,"column":null}},"line":9},"1":{"name":"(anonymous_1)","decl":{"start":{"line":16,"column":2},"end":{"line":16,"column":null}},"loc":{"start":{"line":19,"column":4},"end":{"line":22,"column":null}},"line":19},"2":{"name":"(anonymous_2)","decl":{"start":{"line":26,"column":2},"end":{"line":26,"column":null}},"loc":{"start":{"line":29,"column":4},"end":{"line":32,"column":null}},"line":29}},"branchMap":{},"s":{"0":2,"1":2,"2":2,"3":2,"4":2,"5":2,"6":8,"7":8,"8":8,"9":8,"10":8,"11":8},"f":{"0":2,"1":8,"2":8},"b":{},"meta":{"lastBranch":0,"lastFunction":3,"lastStatement":12,"seen":{"f:4:2:4:Infinity":0,"s:10:4:10:Infinity":0,"s:5:20:5:Infinity":1,"s:6:20:6:Infinity":2,"s:7:20:7:Infinity":3,"s:8:20:8:Infinity":4,"s:11:4:11:Infinity":5,"f:16:2:16:Infinity":1,"s:20:4:20:Infinity":6,"s:18:20:18:Infinity":7,"s:21:4:21:Infinity":8,"f:26:2:26:Infinity":2,"s:30:4:30:Infinity":9,"s:28:20:28:Infinity":10,"s:31:4:31:Infinity":11}}}
,"/Users/cuongpm/Documents/GitHub/antv-x6/x6/security/authorization/core/index.ts": {"path":"/Users/cuongpm/Documents/GitHub/antv-x6/x6/security/authorization/core/index.ts","statementMap":{},"fnMap":{},"branchMap":{},"s":{},"f":{},"b":{},"meta":{"lastBranch":0,"lastFunction":0,"lastStatement":0,"seen":{}}}
,"/Users/cuongpm/Documents/GitHub/antv-x6/x6/security/authorization/core/legacy-engine.ts": {"path":"/Users/cuongpm/Documents/GitHub/antv-x6/x6/security/authorization/core/legacy-engine.ts","statementMap":{"0":{"start":{"line":20,"column":39},"end":{"line":20,"column":null}},"1":{"start":{"line":22,"column":2},"end":{"line":47,"column":null}},"2":{"start":{"line":23,"column":42},"end":{"line":23,"column":null}},"3":{"start":{"line":24,"column":19},"end":{"line":24,"column":null}},"4":{"start":{"line":26,"column":4},"end":{"line":26,"column":null}},"5":{"start":{"line":26,"column":28},"end":{"line":26,"column":null}},"6":{"start":{"line":28,"column":4},"end":{"line":31,"column":null}},"7":{"start":{"line":29,"column":21},"end":{"line":29,"column":null}},"8":{"start":{"line":30,"column":6},"end":{"line":30,"column":null}},"9":{"start":{"line":34,"column":4},"end":{"line":44,"column":null}},"10":{"start":{"line":35,"column":6},"end":{"line":35,"column":null}},"11":{"start":{"line":35,"column":26},"end":{"line":35,"column":null}},"12":{"start":{"line":36,"column":23},"end":{"line":36,"column":null}},"13":{"start":{"line":40,"column":6},"end":{"line":43,"column":null}},"14":{"start":{"line":46,"column":4},"end":{"line":46,"column":null}},"15":{"start":{"line":49,"column":2},"end":{"line":49,"column":null}},"16":{"start":{"line":57,"column":21},"end":{"line":57,"column":null}},"17":{"start":{"line":58,"column":2},"end":{"line":58,"column":null}},"18":{"start":{"line":58,"column":26},"end":{"line":58,"column":null}},"19":{"start":{"line":59,"column":2},"end":{"line":59,"column":null}},"20":{"start":{"line":77,"column":21},"end":{"line":77,"column":null}},"21":{"start":{"line":79,"column":2},"end":{"line":103,"column":null}},"22":{"start":{"line":84,"column":17},"end":{"line":84,"column":null}},"23":{"start":{"line":85,"column":4},"end":{"line":85,"column":null}},"24":{"start":{"line":85,"column":15},"end":{"line":85,"column":null}},"25":{"start":{"line":88,"column":4},"end":{"line":88,"column":null}},"26":{"start":{"line":88,"column":21},"end":{"line":88,"column":null}},"27":{"start":{"line":91,"column":21},"end":{"line":91,"column":null}},"28":{"start":{"line":94,"column":4},"end":{"line":94,"column":null}},"29":{"start":{"line":94,"column":31},"end":{"line":94,"column":null}},"30":{"start":{"line":96,"column":38},"end":{"line":96,"column":null}},"31":{"start":{"line":97,"column":18},"end":{"line":97,"column":null}},"32":{"start":{"line":98,"column":4},"end":{"line":98,"column":null}},"33":{"start":{"line":98,"column":51},"end":{"line":98,"column":null}},"34":{"start":{"line":100,"column":16},"end":{"line":100,"column":null}},"35":{"start":{"line":101,"column":22},"end":{"line":101,"column":null}},"36":{"start":{"line":102,"column":4},"end":{"line":102,"column":null}}},"fnMap":{"0":{"name":"normalizePolicy","decl":{"start":{"line":15,"column":9},"end":{"line":15,"column":null}},"loc":{"start":{"line":18,"column":27},"end":{"line":50,"column":null}},"line":18},"1":{"name":"isOwner","decl":{"start":{"line":52,"column":9},"end":{"line":52,"column":null}},"loc":{"start":{"line":56,"column":11},"end":{"line":60,"column":null}},"line":56},"2":{"name":"createCan","decl":{"start":{"line":70,"column":16},"end":{"line":70,"column":26}},"loc":{"start":{"line":76,"column":3},"end":{"line":104,"column":null}},"line":76},"3":{"name":"can","decl":{"start":{"line":79,"column":18},"end":{"line":79,"column":null}},"loc":{"start":{"line":83,"column":13},"end":{"line":103,"column":null}},"line":83}},"branchMap":{"0":{"loc":{"start":{"line":22,"column":47},"end":{"line":22,"column":59}},"type":"binary-expr","locations":[{"start":{"line":22,"column":47},"end":{"line":22,"column":57}},{"start":{"line":22,"column":57},"end":{"line":22,"column":59}}],"line":22},"1":{"loc":{"start":{"line":26,"column":4},"end":{"line":26,"column":null}},"type":"if","locations":[{"start":{"line":26,"column":4},"end":{"line":26,"column":null}},{"start":{},"end":{}}],"line":26},"2":{"loc":{"start":{"line":28,"column":4},"end":{"line":31,"column":null}},"type":"if","locations":[{"start":{"line":28,"column":4},"end":{"line":31,"column":null}},{"start":{},"end":{}}],"line":28},"3":{"loc":{"start":{"line":30,"column":28},"end":{"line":30,"column":48}},"type":"binary-expr","locations":[{"start":{"line":30,"column":28},"end":{"line":30,"column":46}},{"start":{"line":30,"column":46},"end":{"line":30,"column":48}}],"line":30},"4":{"loc":{"start":{"line":35,"column":6},"end":{"line":35,"column":null}},"type":"if","locations":[{"start":{"line":35,"column":6},"end":{"line":35,"column":null}},{"start":{},"end":{}}],"line":35},"5":{"loc":{"start":{"line":41,"column":23},"end":{"line":41,"column":56}},"type":"binary-expr","locations":[{"start":{"line":41,"column":23},"end":{"line":41,"column":54}},{"start":{"line":41,"column":54},"end":{"line":41,"column":56}}],"line":41},"6":{"loc":{"start":{"line":42,"column":23},"end":{"line":42,"column":56}},"type":"binary-expr","locations":[{"start":{"line":42,"column":23},"end":{"line":42,"column":54}},{"start":{"line":42,"column":54},"end":{"line":42,"column":56}}],"line":42},"7":{"loc":{"start":{"line":58,"column":2},"end":{"line":58,"column":null}},"type":"if","locations":[{"start":{"line":58,"column":2},"end":{"line":58,"column":null}},{"start":{},"end":{}}],"line":58},"8":{"loc":{"start":{"line":82,"column":4},"end":{"line":82,"column":null}},"type":"default-arg","locations":[{"start":{"line":82,"column":46},"end":{"line":82,"column":null}}],"line":82},"9":{"loc":{"start":{"line":85,"column":4},"end":{"line":85,"column":null}},"type":"if","locations":[{"start":{"line":85,"column":4},"end":{"line":85,"column":null}},{"start":{},"end":{}}],"line":85},"10":{"loc":{"start":{"line":88,"column":4},"end":{"line":88,"column":null}},"type":"if","locations":[{"start":{"line":88,"column":4},"end":{"line":88,"column":null}},{"start":{},"end":{}}],"line":88},"11":{"loc":{"start":{"line":94,"column":4},"end":{"line":94,"column":null}},"type":"if","locations":[{"start":{"line":94,"column":4},"end":{"line":94,"column":null}},{"start":{},"end":{}}],"line":94},"12":{"loc":{"start":{"line":94,"column":8},"end":{"line":94,"column":31}},"type":"binary-expr","locations":[{"start":{"line":94,"column":8},"end":{"line":94,"column":21}},{"start":{"line":94,"column":21},"end":{"line":94,"column":31}}],"line":94},"13":{"loc":{"start":{"line":98,"column":4},"end":{"line":98,"column":null}},"type":"if","locations":[{"start":{"line":98,"column":4},"end":{"line":98,"column":null}},{"start":{},"end":{}}],"line":98},"14":{"loc":{"start":{"line":98,"column":8},"end":{"line":98,"column":51}},"type":"binary-expr","locations":[{"start":{"line":98,"column":8},"end":{"line":98,"column":31}},{"start":{"line":98,"column":31},"end":{"line":98,"column":51}}],"line":98},"15":{"loc":{"start":{"line":100,"column":16},"end":{"line":100,"column":null}},"type":"cond-expr","locations":[{"start":{"line":100,"column":54},"end":{"line":100,"column":64}},{"start":{"line":100,"column":64},"end":{"line":100,"column":null}}],"line":100},"16":{"loc":{"start":{"line":102,"column":11},"end":{"line":102,"column":null}},"type":"binary-expr","locations":[{"start":{"line":102,"column":11},"end":{"line":102,"column":44}},{"start":{"line":102,"column":44},"end":{"line":102,"column":null}}],"line":102}},"s":{"0":700,"1":700,"2":4900,"3":4900,"4":4900,"5":1400,"6":4900,"7":3500,"8":3500,"9":4900,"10":9800,"11":7000,"12":2800,"13":2800,"14":4900,"15":700,"16":359,"17":359,"18":0,"19":359,"20":700,"21":700,"22":700,"23":700,"24":0,"25":700,"26":241,"27":459,"28":459,"29":100,"30":359,"31":359,"32":700,"33":0,"34":359,"35":700,"36":700},"f":{"0":700,"1":359,"2":700,"3":700},"b":{"0":[700,0],"1":[1400,3500],"2":[3500,1400],"3":[3500,0],"4":[7000,2800],"5":[2800,0],"6":[9800,0],"7":[0,359],"8":[700],"9":[0,700],"10":[241,459],"11":[100,359],"12":[459,459],"13":[0,700],"14":[700,154],"15":[175,184],"16":[700,195]},"meta":{"lastBranch":17,"lastFunction":4,"lastStatement":37,"seen":{"f:15:9:15:Infinity":0,"s:20:39:20:Infinity":0,"s:22:2:47:Infinity":1,"b:22:47:22:57:22:57:22:59":0,"s:23:42:23:Infinity":2,"s:24:19:24:Infinity":3,"b:26:4:26:Infinity:undefined:undefined:undefined:undefined":1,"s:26:4:26:Infinity":4,"s:26:28:26:Infinity":5,"b:28:4:31:Infinity:undefined:undefined:undefined:undefined":2,"s:28:4:31:Infinity":6,"s:29:21:29:Infinity":7,"s:30:6:30:Infinity":8,"b:30:28:30:46:30:46:30:48":3,"s:34:4:44:Infinity":9,"b:35:6:35:Infinity:undefined:undefined:undefined:undefined":4,"s:35:6:35:Infinity":10,"s:35:26:35:Infinity":11,"s:36:23:36:Infinity":12,"s:40:6:43:Infinity":13,"b:41:23:41:54:41:54:41:56":5,"b:42:23:42:54:42:54:42:56":6,"s:46:4:46:Infinity":14,"s:49:2:49:Infinity":15,"f:52:9:52:Infinity":1,"s:57:21:57:Infinity":16,"b:58:2:58:Infinity:undefined:undefined:undefined:undefined":7,"s:58:2:58:Infinity":17,"s:58:26:58:Infinity":18,"s:59:2:59:Infinity":19,"f:70:16:70:26":2,"s:77:21:77:Infinity":20,"s:79:2:103:Infinity":21,"f:79:18:79:Infinity":3,"b:82:46:82:Infinity":8,"s:84:17:84:Infinity":22,"b:85:4:85:Infinity:undefined:undefined:undefined:undefined":9,"s:85:4:85:Infinity":23,"s:85:15:85:Infinity":24,"b:88:4:88:Infinity:undefined:undefined:undefined:undefined":10,"s:88:4:88:Infinity":25,"s:88:21:88:Infinity":26,"s:91:21:91:Infinity":27,"b:94:4:94:Infinity:undefined:undefined:undefined:undefined":11,"s:94:4:94:Infinity":28,"b:94:8:94:21:94:21:94:31":12,"s:94:31:94:Infinity":29,"s:96:38:96:Infinity":30,"s:97:18:97:Infinity":31,"b:98:4:98:Infinity:undefined:undefined:undefined:undefined":13,"s:98:4:98:Infinity":32,"b:98:8:98:31:98:31:98:51":14,"s:98:51:98:Infinity":33,"s:100:16:100:Infinity":34,"b:100:54:100:64:100:64:100:Infinity":15,"s:101:22:101:Infinity":35,"s:102:4:102:Infinity":36,"b:102:11:102:44:102:44:102:Infinity":16}}}
,"/Users/cuongpm/Documents/GitHub/antv-x6/x6/security/authorization/core/policy.sample.ts": {"path":"/Users/cuongpm/Documents/GitHub/antv-x6/x6/security/authorization/core/policy.sample.ts","statementMap":{"0":{"start":{"line":7,"column":22},"end":{"line":120,"column":null}}},"fnMap":{},"branchMap":{},"s":{"0":0},"f":{},"b":{},"meta":{"lastBranch":0,"lastFunction":0,"lastStatement":1,"seen":{"s:7:22:120:Infinity":0}}}
,"/Users/cuongpm/Documents/GitHub/antv-x6/x6/security/authorization/core/policy.ts": {"path":"/Users/cuongpm/Documents/GitHub/antv-x6/x6/security/authorization/core/policy.ts","statementMap":{"0":{"start":{"line":27,"column":22},"end":{"line":139,"column":null}}},"fnMap":{},"branchMap":{},"s":{"0":3},"f":{},"b":{},"meta":{"lastBranch":0,"lastFunction":0,"lastStatement":1,"seen":{"s:27:22:139:Infinity":0}}}
,"/Users/cuongpm/Documents/GitHub/antv-x6/x6/security/authorization/stores/authorizationStore.ts": {"path":"/Users/cuongpm/Documents/GitHub/antv-x6/x6/security/authorization/stores/authorizationStore.ts","statementMap":{"0":{"start":{"line":26,"column":32},"end":{"line":26,"column":null}},"1":{"start":{"line":28,"column":13},"end":{"line":129,"column":null}},"2":{"start":{"line":32,"column":8},"end":{"line":32,"column":null}},"3":{"start":{"line":38,"column":8},"end":{"line":38,"column":null}},"4":{"start":{"line":41,"column":8},"end":{"line":41,"column":null}},"5":{"start":{"line":51,"column":4},"end":{"line":51,"column":null}},"6":{"start":{"line":52,"column":4},"end":{"line":52,"column":null}},"7":{"start":{"line":60,"column":17},"end":{"line":60,"column":null}},"8":{"start":{"line":61,"column":4},"end":{"line":61,"column":null}},"9":{"start":{"line":69,"column":4},"end":{"line":69,"column":null}},"10":{"start":{"line":70,"column":4},"end":{"line":70,"column":null}},"11":{"start":{"line":88,"column":4},"end":{"line":93,"column":null}},"12":{"start":{"line":92,"column":6},"end":{"line":92,"column":null}},"13":{"start":{"line":94,"column":4},"end":{"line":94,"column":null}},"14":{"start":{"line":110,"column":4},"end":{"line":112,"column":null}},"15":{"start":{"line":111,"column":6},"end":{"line":111,"column":null}},"16":{"start":{"line":113,"column":4},"end":{"line":113,"column":null}},"17":{"start":{"line":116,"column":2},"end":{"line":128,"column":null}}},"fnMap":{"0":{"name":"(anonymous_0)","decl":{"start":{"line":28,"column":66},"end":{"line":28,"column":72}},"loc":{"start":{"line":28,"column":72},"end":{"line":129,"column":1}},"line":28},"1":{"name":"setUser","decl":{"start":{"line":50,"column":11},"end":{"line":50,"column":19}},"loc":{"start":{"line":50,"column":44},"end":{"line":53,"column":null}},"line":50},"2":{"name":"updateAbility","decl":{"start":{"line":59,"column":11},"end":{"line":59,"column":33}},"loc":{"start":{"line":59,"column":33},"end":{"line":62,"column":null}},"line":59},"3":{"name":"initializeWithGuestUser","decl":{"start":{"line":68,"column":11},"end":{"line":68,"column":43}},"loc":{"start":{"line":68,"column":43},"end":{"line":71,"column":null}},"line":68},"4":{"name":"can","decl":{"start":{"line":83,"column":11},"end":{"line":83,"column":null}},"loc":{"start":{"line":87,"column":13},"end":{"line":95,"column":null}},"line":87},"5":{"name":"cannot","decl":{"start":{"line":105,"column":11},"end":{"line":105,"column":null}},"loc":{"start":{"line":109,"column":13},"end":{"line":114,"column":null}},"line":109}},"branchMap":{"0":{"loc":{"start":{"line":60,"column":17},"end":{"line":60,"column":null}},"type":"binary-expr","locations":[{"start":{"line":60,"column":17},"end":{"line":60,"column":38}},{"start":{"line":60,"column":38},"end":{"line":60,"column":null}}],"line":60},"1":{"loc":{"start":{"line":88,"column":4},"end":{"line":93,"column":null}},"type":"if","locations":[{"start":{"line":88,"column":4},"end":{"line":93,"column":null}},{"start":{},"end":{}}],"line":88},"2":{"loc":{"start":{"line":110,"column":4},"end":{"line":112,"column":null}},"type":"if","locations":[{"start":{"line":110,"column":4},"end":{"line":112,"column":null}},{"start":{},"end":{}}],"line":110}},"s":{"0":1,"1":1,"2":17,"3":17,"4":17,"5":14,"6":14,"7":16,"8":16,"9":2,"10":2,"11":20,"12":2,"13":18,"14":7,"15":5,"16":2,"17":17},"f":{"0":17,"1":14,"2":16,"3":2,"4":20,"5":7},"b":{"0":[16,1],"1":[2,18],"2":[5,2]},"meta":{"lastBranch":3,"lastFunction":6,"lastStatement":18,"seen":{"s:26:32:26:Infinity":0,"s:28:13:129:Infinity":1,"f:28:66:28:72":0,"s:32:8:32:Infinity":2,"s:38:8:38:Infinity":3,"s:41:8:41:Infinity":4,"f:50:11:50:19":1,"s:51:4:51:Infinity":5,"s:52:4:52:Infinity":6,"f:59:11:59:33":2,"s:60:17:60:Infinity":7,"b:60:17:60:38:60:38:60:Infinity":0,"s:61:4:61:Infinity":8,"f:68:11:68:43":3,"s:69:4:69:Infinity":9,"s:70:4:70:Infinity":10,"f:83:11:83:Infinity":4,"b:88:4:93:Infinity:undefined:undefined:undefined:undefined":1,"s:88:4:93:Infinity":11,"s:92:6:92:Infinity":12,"s:94:4:94:Infinity":13,"f:105:11:105:Infinity":5,"b:110:4:112:Infinity:undefined:undefined:undefined:undefined":2,"s:110:4:112:Infinity":14,"s:111:6:111:Infinity":15,"s:113:4:113:Infinity":16,"s:116:2:128:Infinity":17}}}
,"/Users/cuongpm/Documents/GitHub/antv-x6/x6/security/authorization/stores/index.ts": {"path":"/Users/cuongpm/Documents/GitHub/antv-x6/x6/security/authorization/stores/index.ts","statementMap":{},"fnMap":{},"branchMap":{},"s":{},"f":{},"b":{},"meta":{"lastBranch":0,"lastFunction":0,"lastStatement":0,"seen":{}}}
}
